<?xml version="1.0" encoding="UTF-8"?>
<testsuite xmlns:xsi="http://www.w3.org/2001/XMLSchema-instance" xsi:noNamespaceSchemaLocation="https://maven.apache.org/surefire/maven-surefire-plugin/xsd/surefire-test-report.xsd" version="3.0.2" name="com.tienda.ropa.RopaApplicationTests" time="9.396" tests="1" errors="0" skipped="0" failures="0">
  <properties>
[...]
</properties>
  <testcase name="contextLoads" classname="com.tienda.ropa.RopaApplicationTests" time="0.393">
    <system-out><![CDATA[12:35:22.515 [main] INFO org.springframework.test.context.support.AnnotationConfigContextLoaderUtils -- Could not detect default configuration classes for test class [com.tienda.ropa.RopaApplicationTests]: RopaApplicationTests does not declare any static, non-private, non-final, nested classes annotated with @Configuration.
12:35:22.694 [main] INFO org.springframework.boot.test.context.SpringBootTestContextBootstrapper -- Found @SpringBootConfiguration com.tienda.ropa.RopaApplication for test class com.tienda.ropa.RopaApplicationTests
12:35:22.919 [main] INFO org.springframework.boot.devtools.restart.RestartApplicationListener -- Restart disabled due to context in which it is running

  .   ____          _            __ _ _
 /\\ / ___'_ __ _ _(_)_ __  __ _ \ \ \ \
( ( )\___ | '_ | '_| | '_ \/ _` | \ \ \ \
 \\/  ___)| |_)| | | | | || (_| |  ) ) ) )
  '  |____| .__|_| |_|_| |_\__, | / / / /
 =========|_|==============|___/=/_/_/_/

 :: Spring Boot ::                (v3.4.6)

2025-07-15T12:35:23.206-05:00  INFO 2604 --- [ropa] [           main] com.tienda.ropa.RopaApplicationTests     : Starting RopaApplicationTests using Java 21.0.4 with PID 2604 (started by jogon in C:\Users\jogon\Desktop\Desarrollo-de-Sistema-de-Ventas-Empresas-de-Moda\Back-End)
2025-07-15T12:35:23.208-05:00  INFO 2604 --- [ropa] [           main] com.tienda.ropa.RopaApplicationTests     : No active profile set, falling back to 1 default profile: "default"
2025-07-15T12:35:24.283-05:00  INFO 2604 --- [ropa] [           main] .s.d.r.c.RepositoryConfigurationDelegate : Bootstrapping Spring Data JPA repositories in DEFAULT mode.
2025-07-15T12:35:24.497-05:00  INFO 2604 --- [ropa] [           main] .s.d.r.c.RepositoryConfigurationDelegate : Finished Spring Data repository scanning in 201 ms. Found 13 JPA repository interfaces.
2025-07-15T12:35:25.329-05:00  INFO 2604 --- [ropa] [           main] com.zaxxer.hikari.HikariDataSource       : HikariPool-1 - Starting...
2025-07-15T12:35:25.544-05:00  INFO 2604 --- [ropa] [           main] com.zaxxer.hikari.pool.HikariPool        : HikariPool-1 - Added connection com.mysql.cj.jdbc.ConnectionImpl@3b4bd341
2025-07-15T12:35:25.548-05:00  INFO 2604 --- [ropa] [           main] com.zaxxer.hikari.HikariDataSource       : HikariPool-1 - Start completed.
2025-07-15T12:35:25.997-05:00  INFO 2604 --- [ropa] [           main] org.flywaydb.core.FlywayExecutor         : Database: jdbc:mysql://localhost:3306/tiendaropadk (MySQL 5.5)
2025-07-15T12:35:26.041-05:00  INFO 2604 --- [ropa] [           main] o.f.core.internal.command.DbValidate     : Successfully validated 0 migrations (execution time 00:00.017s)
2025-07-15T12:35:26.042-05:00  WARN 2604 --- [ropa] [           main] o.f.core.internal.command.DbValidate     : No migrations found. Are your locations set up correctly?
2025-07-15T12:35:26.053-05:00  INFO 2604 --- [ropa] [           main] o.f.core.internal.command.DbMigrate      : Current version of schema `tiendaropadk`: << Empty Schema >>
2025-07-15T12:35:26.058-05:00  INFO 2604 --- [ropa] [           main] o.f.core.internal.command.DbMigrate      : Schema `tiendaropadk` is up to date. No migration necessary.
2025-07-15T12:35:26.179-05:00  INFO 2604 --- [ropa] [           main] o.hibernate.jpa.internal.util.LogHelper  : HHH000204: Processing PersistenceUnitInfo [name: default]
2025-07-15T12:35:26.256-05:00  INFO 2604 --- [ropa] [           main] org.hibernate.Version                    : HHH000412: Hibernate ORM core version 6.6.15.Final
2025-07-15T12:35:26.308-05:00  INFO 2604 --- [ropa] [           main] o.h.c.internal.RegionFactoryInitiator    : HHH000026: Second-level cache disabled
2025-07-15T12:35:26.643-05:00  INFO 2604 --- [ropa] [           main] o.s.o.j.p.SpringPersistenceUnitInfo      : No LoadTimeWeaver setup: ignoring JPA class transformer
2025-07-15T12:35:26.703-05:00  WARN 2604 --- [ropa] [           main] org.hibernate.dialect.Dialect            : HHH000511: The 5.5.5 version for [org.hibernate.dialect.MySQLDialect] is no longer supported, hence certain features may not work properly. The minimum supported version is 8.0.0. Check the community dialects project for available legacy versions.
2025-07-15T12:35:26.709-05:00  WARN 2604 --- [ropa] [           main] org.hibernate.orm.deprecation            : HHH90000025: MySQLDialect does not need to be specified explicitly using 'hibernate.dialect' (remove the property setting and it will be selected by default)
2025-07-15T12:35:26.723-05:00  INFO 2604 --- [ropa] [           main] org.hibernate.orm.connections.pooling    : HHH10001005: Database info:
	Database JDBC URL [Connecting through datasource 'HikariDataSource (HikariPool-1)']
	Database driver: undefined/unknown
	Database version: 5.5.5
	Autocommit mode: undefined/unknown
	Isolation level: undefined/unknown
	Minimum pool size: undefined/unknown
	Maximum pool size: undefined/unknown
2025-07-15T12:35:27.950-05:00  INFO 2604 --- [ropa] [           main] o.h.e.t.j.p.i.JtaPlatformInitiator       : HHH000489: No JTA platform available (set 'hibernate.transaction.jta.platform' to enable JTA platform integration)
2025-07-15T12:35:28.092-05:00  INFO 2604 --- [ropa] [           main] j.LocalContainerEntityManagerFactoryBean : Initialized JPA EntityManagerFactory for persistence unit 'default'
2025-07-15T12:35:28.580-05:00  INFO 2604 --- [ropa] [           main] o.s.d.j.r.query.QueryEnhancerFactory     : Hibernate is in classpath; If applicable, HQL parser will be used.
2025-07-15T12:35:30.551-05:00  WARN 2604 --- [ropa] [           main] JpaBaseConfiguration$JpaWebConfiguration : spring.jpa.open-in-view is enabled by default. Therefore, database queries may be performed during view rendering. Explicitly configure spring.jpa.open-in-view to disable this warning
2025-07-15T12:35:30.596-05:00  INFO 2604 --- [ropa] [           main] eAuthenticationProviderManagerConfigurer : Global AuthenticationManager configured with AuthenticationProvider bean with name authenticationProvider
2025-07-15T12:35:31.332-05:00  INFO 2604 --- [ropa] [           main] com.tienda.ropa.RopaApplicationTests     : Started RopaApplicationTests in 8.426 seconds (process running for 9.635)
]]></system-out>
    <system-err><![CDATA[Mockito is currently self-attaching to enable the inline-mock-maker. This will no longer work in future releases of the JDK. Please add Mockito as an agent to your build what is described in Mockito's documentation: https://javadoc.io/doc/org.mockito/mockito-core/latest/org/mockito/Mockito.html#0.3
WARNING: A Java agent has been loaded dynamically (C:\Users\jogon\.m2\repository\net\bytebuddy\byte-buddy-agent\1.15.11\byte-buddy-agent-1.15.11.jar)
WARNING: If a serviceability tool is in use, please run with -XX:+EnableDynamicAgentLoading to hide this warning
WARNING: If a serviceability tool is not in use, please run with -Djdk.instrument.traceUsage for more information
WARNING: Dynamic loading of agents will be disallowed by default in a future release
]]></system-err>
  </testcase>
</testsuite>